<?xml version="1.0" encoding="UTF-8"?>
<!-- Generated by org.testng.reporters.JUnitXMLReporter -->
<testsuite ignored="1" hostname="BNGEMPL108" failures="1" tests="1" name="Test(failed)" time="2.437" errors="0" timestamp="2024-07-30T23:27:43 GMT-05:00">
  <testcase classname="RestAssuredDemo.ComplexResponseValidation" name="dynamicResponseValidation" time="2.383">
    <failure type="java.lang.NullPointerException" message="Cannot invoke &amp;quot;java.util.List.iterator()&amp;quot; because &amp;quot;list&amp;quot; is null">
      <![CDATA[java.lang.NullPointerException: Cannot invoke "java.util.List.iterator()" because "list" is null
at RestAssuredDemo.ComplexResponseValidation.dynamicResponseValidation(ComplexResponseValidation.java:35)
at java.base/java.util.ArrayList.forEach(ArrayList.java:1511)
... Removed 27 stack frames]]>
    </failure>
  </testcase> <!-- dynamicResponseValidation -->
  <testcase classname="RestAssuredDemo.ComplexResponseValidation" name="staticResponseValidation" time="0.0">
    <ignored/>
  </testcase> <!-- staticResponseValidation -->
</testsuite> <!-- Test(failed) -->
