<?xml version="1.0" encoding="UTF-8"?>
<!-- Generated by org.testng.reporters.JUnitXMLReporter -->
<testsuite ignored="0" hostname="BNGEMPL108" failures="0" tests="4" name="Test Batch 2" time="1.941" errors="0" timestamp="2024-08-07T16:58:48 IST">
  <testcase classname="RestAssuredDemo.WaysToPosttheRequest" name="createProjectUsingFile" time="0.525"/>
  <testcase classname="RestAssuredDemo.WaysToPosttheRequest" name="createProjectUsingHashMap" time="0.474"/>
  <testcase classname="RestAssuredDemo.WaysToPosttheRequest" name="createProjectUsingJsonObj" time="0.47"/>
  <testcase classname="RestAssuredDemo.WaysToPosttheRequest" name="createprojectusingpojo" time="0.464"/>
</testsuite> <!-- Test Batch 2 -->
