<?xml version="1.0" encoding="UTF-8"?>
<!-- Generated by org.testng.reporters.JUnitXMLReporter -->
<testsuite ignored="0" hostname="BNGEMPL108" failures="0" tests="15" name="Test" time="6.918" errors="0" timestamp="2024-07-30T23:25:40 GMT-05:00">
  <testcase classname="RestAssuredDemo.CreateRepo" name="createProjectwithoutBDD" time="2.498"/>
  <testcase classname="RestAssuredDemo.CreateRepo" name="createprojectwithBDD" time="0.426"/>
  <testcase classname="RestAssuredDemo.CreateRepo" name="delete" time="0.379"/>
  <testcase classname="RestAssuredDemo.CreateRepo" name="deletewithBDD" time="0.374"/>
  <testcase classname="RestAssuredDemo.CreateRepo" name="getAllProject" time="0.068"/>
  <testcase classname="RestAssuredDemo.CreateRepo" name="getAllUsers" time="0.06"/>
  <testcase classname="RestAssuredDemo.CreateRepo" name="patch" time="0.392"/>
  <testcase classname="RestAssuredDemo.CreateRepo" name="singleUserwithBDD" time="0.065"/>
  <testcase classname="RestAssuredDemo.CreateRepo" name="singleuserwithoutBDD" time="0.049"/>
  <testcase classname="RestAssuredDemo.CreateRepo" name="update" time="0.384"/>
  <testcase classname="RestAssuredDemo.WaysToPosttheRequest" name="createProjectUsingFile" time="0.405"/>
  <testcase classname="RestAssuredDemo.WaysToPosttheRequest" name="createProjectUsingHashMap" time="0.381"/>
  <testcase classname="RestAssuredDemo.WaysToPosttheRequest" name="createProjectUsingJsonObj" time="0.422"/>
  <testcase classname="RestAssuredDemo.WaysToPosttheRequest" name="createprojectusingpojo" time="0.374"/>
  <testcase classname="RestAssuredDemo.ComplexResponseValidation" name="staticResponseValidation" time="0.547"/>
</testsuite> <!-- Test -->
