<?xml version="1.0" encoding="UTF-8"?>
<!-- Generated by org.testng.reporters.JUnitXMLReporter -->
<testsuite ignored="0" hostname="BNGEMPL108" failures="0" tests="10" name="Test Batch1" time="5.743" errors="0" timestamp="2024-08-08T12:08:43 IST">
  <testcase classname="RestAssuredDemo.CreateRepo" name="createProjectwithoutBDD" time="2.681"/>
  <testcase classname="RestAssuredDemo.CreateRepo" name="getAllUsers" time="0.266"/>
  <testcase classname="RestAssuredDemo.CreateRepo" name="singleuserwithoutBDD" time="0.086"/>
  <testcase classname="RestAssuredDemo.CreateRepo" name="patch" time="0.564"/>
  <testcase classname="RestAssuredDemo.CreateRepo" name="update" time="0.549"/>
  <testcase classname="RestAssuredDemo.CreateRepo" name="delete" time="0.432"/>
  <testcase classname="RestAssuredDemo.CreateRepo" name="createprojectwithBDD" time="0.569"/>
  <testcase classname="RestAssuredDemo.CreateRepo" name="getAllProject" time="0.097"/>
  <testcase classname="RestAssuredDemo.CreateRepo" name="deletewithBDD" time="0.381"/>
  <testcase classname="RestAssuredDemo.CreateRepo" name="singleUserwithBDD" time="0.052"/>
</testsuite> <!-- Test Batch1 -->
