<?xml version="1.0" encoding="UTF-8"?>
<!-- Generated by org.testng.reporters.JUnitXMLReporter -->
<testsuite ignored="0" hostname="BNGEMPL108" failures="1" tests="2" name="Test Batch 3" time="0.688" errors="0" timestamp="2024-08-07T16:58:48 IST">
  <testcase classname="RestAssuredDemo.ComplexResponseValidation" name="dynamicResponseValidation" time="0.534">
    <failure type="java.lang.NullPointerException" message="Cannot invoke &amp;quot;java.util.List.iterator()&amp;quot; because &amp;quot;email&amp;quot; is null">
      <![CDATA[java.lang.NullPointerException: Cannot invoke "java.util.List.iterator()" because "email" is null
at RestAssuredDemo.ComplexResponseValidation.dynamicResponseValidation(ComplexResponseValidation.java:33)
at java.base/java.util.ArrayList.forEach(ArrayList.java:1511)
... Removed 27 stack frames]]>
    </failure>
  </testcase> <!-- dynamicResponseValidation -->
  <testcase classname="RestAssuredDemo.ComplexResponseValidation" name="staticResponseValidation" time="0.147"/>
</testsuite> <!-- Test Batch 3 -->
