<?xml version="1.0" encoding="UTF-8"?>
<!-- Generated by org.testng.reporters.JUnitXMLReporter -->
<testsuite ignored="3" hostname="BNGEMPL108" failures="0" tests="1" name="Default test(failed)" time="1.792" errors="0" timestamp="2024-07-24T02:19:17 GMT-05:00">
  <testcase classname="RestAssuredDemo.CreateRepo" name="singleuser" time="1.739"/>
  <testcase classname="RestAssuredDemo.CreateRepo" name="getAllUsers" time="0.0">
    <ignored/>
  </testcase> <!-- getAllUsers -->
  <testcase classname="RestAssuredDemo.CreateRepo" name="patch" time="0.0">
    <ignored/>
  </testcase> <!-- patch -->
  <testcase classname="RestAssuredDemo.CreateRepo" name="createProject" time="0.0">
    <ignored/>
  </testcase> <!-- createProject -->
</testsuite> <!-- Default test(failed) -->
