<?xml version="1.0" encoding="UTF-8"?>
<!-- Generated by org.testng.reporters.JUnitXMLReporter -->
<testsuite ignored="0" hostname="BNGEMPL108" failures="0" tests="10" name="Default test" time="6.165" errors="0" timestamp="2024-08-08T12:07:43 IST">
  <testcase classname="RestAssuredDemo.CreateRepo" name="createProjectwithoutBDD" time="3.364"/>
  <testcase classname="RestAssuredDemo.CreateRepo" name="getAllUsers" time="0.115"/>
  <testcase classname="RestAssuredDemo.CreateRepo" name="singleuserwithoutBDD" time="0.24"/>
  <testcase classname="RestAssuredDemo.CreateRepo" name="patch" time="0.421"/>
  <testcase classname="RestAssuredDemo.CreateRepo" name="update" time="0.404"/>
  <testcase classname="RestAssuredDemo.CreateRepo" name="delete" time="0.393"/>
  <testcase classname="RestAssuredDemo.CreateRepo" name="createprojectwithBDD" time="0.46"/>
  <testcase classname="RestAssuredDemo.CreateRepo" name="getAllProject" time="0.232"/>
  <testcase classname="RestAssuredDemo.CreateRepo" name="deletewithBDD" time="0.388"/>
  <testcase classname="RestAssuredDemo.CreateRepo" name="singleUserwithBDD" time="0.066"/>
</testsuite> <!-- Default test -->
